<?xml version="1.0" encoding="UTF-8"?>
<!-- Generated by org.testng.reporters.JUnitReportReporter -->
<testsuite hostname="MANPREET-PC" name="com.companyname.utils.BrowserUtils" tests="1" failures="0" timestamp="28 Aug 2017 04:29:28 GMT" time="0.111" errors="0">
  <testcase name="m1" time="0.111" classname="com.companyname.utils.BrowserUtils"/>
</testsuite> <!-- com.companyname.utils.BrowserUtils -->
