<?xml version="1.0" encoding="UTF-8"?>
<!-- Generated by org.testng.reporters.JUnitReportReporter -->
<testsuite hostname="MANPREET-PC" name="com.companyname.test.TestLoginPage" tests="1" failures="0" timestamp="2 Feb 2018 07:58:45 GMT" time="25.671" errors="0">
  <testcase name="testLogin" time="25.671" classname="com.companyname.test.TestLoginPage"/>
</testsuite> <!-- com.companyname.test.TestLoginPage -->
